0.4555966556072235 0.41141992807388306
0.4116152226924896 0.4271964132785797
0.4033519923686981 0.39401188492774963
0.39563482999801636 0.39066579937934875
0.3903464376926422 0.38539159297943115
0.38251185417175293 0.38324254751205444
0.38228681683540344 0.3806258738040924
0.37882718443870544 0.3765895664691925
0.37884536385536194 0.38033154606819153
0.3728119730949402 0.375345379114151
0.37162795662879944 0.37777024507522583
0.36898115277290344 0.3720145523548126
0.36884501576423645 0.3744213879108429
0.36469173431396484 0.37585699558258057
0.36624717712402344 0.3789884150028229
0.3634549677371979 0.38625577092170715
0.3604097068309784 0.3738785982131958
0.3588730990886688 0.375240296125412
0.35981956124305725 0.37729114294052124
0.35869958996772766 0.38535839319229126
0.3583812713623047 0.37791866064071655
0.35577765107154846 0.3797203302383423
0.3475217819213867 0.37933406233787537
0.34334784746170044 0.37783142924308777
0.34297096729278564 0.379593163728714
0.3407859802246094 0.38100525736808777
0.34233278036117554 0.38249635696411133
0.33888670802116394 0.3822203576564789
0.33924397826194763 0.3873385787010193
0.3362368047237396 0.38563162088394165
